<?xml version="1.0" encoding="UTF-8"?>
<!-- Generated by org.testng.reporters.JUnitReportReporter -->
<testsuite hostname="RAYMOND-PC" name="bukalapak.Search_Filter_Termahal" tests="2" failures="0" timestamp="22 Jul 2015 06:49:24 GMT" time="18.765" errors="0">
  <testcase name="checkFilterTermurah" time="15.414" classname="bukalapak.Search_Filter_Termahal"/>
  <testcase name="browseKeyword" time="3.351" classname="bukalapak.Search_Filter_Termahal"/>
</testsuite> <!-- bukalapak.Search_Filter_Termahal -->
